{"/Users/tkhall03/Desktop/Coding/Classes/CSCE_482/test/CSCE-482-Capstone/src/app/page.tsx": {"path":"/Users/tkhall03/Desktop/Coding/Classes/CSCE_482/test/CSCE-482-Capstone/src/app/page.tsx","statementMap":{"0":{"start":{"line":8,"column":24},"end":{"line":8,"column":null}},"1":{"start":{"line":3,"column":19},"end":{"line":3,"column":null}},"2":{"start":{"line":4,"column":18},"end":{"line":4,"column":null}},"3":{"start":{"line":6,"column":28},"end":{"line":6,"column":null}},"4":{"start":{"line":11,"column":2},"end":{"line":11,"column":null}}},"fnMap":{"0":{"name":"Home","decl":{"start":{"line":8,"column":24},"end":{"line":8,"column":null}},"loc":{"start":{"line":8,"column":24},"end":{"line":27,"column":null}}},"1":{"name":"logIn","decl":{"start":{"line":10,"column":12},"end":{"line":10,"column":null}},"loc":{"start":{"line":10,"column":12},"end":{"line":12,"column":null}}}},"branchMap":{},"s":{"0":1,"1":1,"2":1,"3":1,"4":1},"f":{"0":1,"1":1},"b":{}}
,"/Users/tkhall03/Desktop/Coding/Classes/CSCE_482/test/CSCE-482-Capstone/src/app/class/[classId]/page.tsx": {"path":"/Users/tkhall03/Desktop/Coding/Classes/CSCE_482/test/CSCE-482-Capstone/src/app/class/[classId]/page.tsx","statementMap":{"0":{"start":{"line":93,"column":24},"end":{"line":93,"column":null}},"1":{"start":{"line":3,"column":19},"end":{"line":3,"column":null}},"2":{"start":{"line":5,"column":48},"end":{"line":5,"column":null}},"3":{"start":{"line":6,"column":63},"end":{"line":6,"column":null}},"4":{"start":{"line":7,"column":89},"end":{"line":7,"column":null}},"5":{"start":{"line":8,"column":38},"end":{"line":8,"column":null}},"6":{"start":{"line":9,"column":26},"end":{"line":9,"column":null}},"7":{"start":{"line":13,"column":7},"end":{"line":13,"column":null}},"8":{"start":{"line":14,"column":7},"end":{"line":14,"column":null}},"9":{"start":{"line":15,"column":22},"end":{"line":15,"column":null}},"10":{"start":{"line":16,"column":22},"end":{"line":16,"column":null}},"11":{"start":{"line":17,"column":19},"end":{"line":17,"column":null}},"12":{"start":{"line":18,"column":20},"end":{"line":18,"column":null}},"13":{"start":{"line":11,"column":0},"end":{"line":11,"column":null}},"14":{"start":{"line":95,"column":19},"end":{"line":95,"column":null}},"15":{"start":{"line":97,"column":30},"end":{"line":97,"column":null}},"16":{"start":{"line":98,"column":36},"end":{"line":98,"column":null}},"17":{"start":{"line":99,"column":38},"end":{"line":99,"column":null}},"18":{"start":{"line":100,"column":34},"end":{"line":100,"column":null}},"19":{"start":{"line":101,"column":44},"end":{"line":101,"column":null}},"20":{"start":{"line":102,"column":40},"end":{"line":102,"column":null}},"21":{"start":{"line":103,"column":44},"end":{"line":103,"column":null}},"22":{"start":{"line":104,"column":36},"end":{"line":104,"column":null}},"23":{"start":{"line":105,"column":44},"end":{"line":105,"column":null}},"24":{"start":{"line":106,"column":50},"end":{"line":106,"column":null}},"25":{"start":{"line":107,"column":52},"end":{"line":107,"column":null}},"26":{"start":{"line":108,"column":38},"end":{"line":108,"column":null}},"27":{"start":{"line":109,"column":50},"end":{"line":109,"column":null}},"28":{"start":{"line":111,"column":54},"end":{"line":111,"column":null}},"29":{"start":{"line":112,"column":56},"end":{"line":112,"column":null}},"30":{"start":{"line":113,"column":56},"end":{"line":113,"column":null}},"31":{"start":{"line":115,"column":34},"end":{"line":115,"column":null}},"32":{"start":{"line":115,"column":40},"end":{"line":115,"column":null}},"33":{"start":{"line":116,"column":35},"end":{"line":116,"column":null}},"34":{"start":{"line":116,"column":41},"end":{"line":116,"column":null}},"35":{"start":{"line":117,"column":32},"end":{"line":117,"column":null}},"36":{"start":{"line":117,"column":38},"end":{"line":117,"column":null}},"37":{"start":{"line":118,"column":33},"end":{"line":118,"column":null}},"38":{"start":{"line":118,"column":39},"end":{"line":118,"column":null}},"39":{"start":{"line":119,"column":35},"end":{"line":119,"column":null}},"40":{"start":{"line":119,"column":41},"end":{"line":119,"column":null}},"41":{"start":{"line":120,"column":36},"end":{"line":120,"column":null}},"42":{"start":{"line":120,"column":42},"end":{"line":120,"column":null}},"43":{"start":{"line":123,"column":25},"end":{"line":123,"column":null}},"44":{"start":{"line":124,"column":21},"end":{"line":124,"column":null}},"45":{"start":{"line":125,"column":43},"end":{"line":125,"column":45}},"46":{"start":{"line":126,"column":8},"end":{"line":128,"column":null}},"47":{"start":{"line":127,"column":12},"end":{"line":127,"column":null}},"48":{"start":{"line":129,"column":8},"end":{"line":129,"column":null}},"49":{"start":{"line":130,"column":8},"end":{"line":130,"column":null}},"50":{"start":{"line":136,"column":8},"end":{"line":136,"column":null}},"51":{"start":{"line":137,"column":25},"end":{"line":137,"column":null}},"52":{"start":{"line":138,"column":21},"end":{"line":138,"column":null}},"53":{"start":{"line":139,"column":37},"end":{"line":139,"column":39}},"54":{"start":{"line":141,"column":8},"end":{"line":151,"column":null}},"55":{"start":{"line":142,"column":12},"end":{"line":150,"column":null}},"56":{"start":{"line":143,"column":16},"end":{"line":149,"column":null}},"57":{"start":{"line":144,"column":20},"end":{"line":148,"column":null}},"58":{"start":{"line":152,"column":8},"end":{"line":152,"column":null}},"59":{"start":{"line":158,"column":25},"end":{"line":158,"column":null}},"60":{"start":{"line":159,"column":21},"end":{"line":159,"column":null}},"61":{"start":{"line":160,"column":8},"end":{"line":160,"column":null}},"62":{"start":{"line":161,"column":8},"end":{"line":161,"column":null}},"63":{"start":{"line":162,"column":8},"end":{"line":162,"column":null}},"64":{"start":{"line":166,"column":25},"end":{"line":166,"column":null}},"65":{"start":{"line":167,"column":21},"end":{"line":167,"column":null}},"66":{"start":{"line":168,"column":23},"end":{"line":168,"column":null}},"67":{"start":{"line":169,"column":8},"end":{"line":169,"column":null}},"68":{"start":{"line":171,"column":8},"end":{"line":180,"column":null}},"69":{"start":{"line":172,"column":12},"end":{"line":172,"column":null}},"70":{"start":{"line":173,"column":12},"end":{"line":178,"column":null}},"71":{"start":{"line":174,"column":16},"end":{"line":174,"column":null}},"72":{"start":{"line":177,"column":16},"end":{"line":177,"column":null}},"73":{"start":{"line":184,"column":25},"end":{"line":184,"column":null}},"74":{"start":{"line":185,"column":8},"end":{"line":185,"column":null}},"75":{"start":{"line":188,"column":4},"end":{"line":201,"column":null}},"76":{"start":{"line":189,"column":8},"end":{"line":199,"column":null}},"77":{"start":{"line":190,"column":28},"end":{"line":190,"column":94}},"78":{"start":{"line":191,"column":34},"end":{"line":191,"column":null}},"79":{"start":{"line":193,"column":12},"end":{"line":198,"column":null}},"80":{"start":{"line":194,"column":16},"end":{"line":194,"column":null}},"81":{"start":{"line":195,"column":16},"end":{"line":195,"column":null}},"82":{"start":{"line":197,"column":16},"end":{"line":197,"column":null}},"83":{"start":{"line":200,"column":8},"end":{"line":200,"column":null}},"84":{"start":{"line":204,"column":33},"end":{"line":206,"column":null}},"85":{"start":{"line":205,"column":8},"end":{"line":205,"column":null}},"86":{"start":{"line":215,"column":4},"end":{"line":215,"column":null}},"87":{"start":{"line":218,"column":8},"end":{"line":223,"column":null}},"88":{"start":{"line":219,"column":12},"end":{"line":219,"column":null}},"89":{"start":{"line":221,"column":13},"end":{"line":223,"column":null}},"90":{"start":{"line":222,"column":12},"end":{"line":222,"column":null}},"91":{"start":{"line":226,"column":8},"end":{"line":247,"column":null}},"92":{"start":{"line":228,"column":12},"end":{"line":243,"column":null}},"93":{"start":{"line":240,"column":16},"end":{"line":242,"column":null}},"94":{"start":{"line":241,"column":20},"end":{"line":241,"column":null}},"95":{"start":{"line":246,"column":12},"end":{"line":246,"column":null}},"96":{"start":{"line":251,"column":23},"end":{"line":251,"column":null}},"97":{"start":{"line":253,"column":8},"end":{"line":261,"column":null}},"98":{"start":{"line":254,"column":12},"end":{"line":254,"column":null}},"99":{"start":{"line":256,"column":13},"end":{"line":261,"column":null}},"100":{"start":{"line":257,"column":12},"end":{"line":257,"column":null}},"101":{"start":{"line":260,"column":12},"end":{"line":260,"column":null}},"102":{"start":{"line":351,"column":20},"end":{"line":352,"column":null}},"103":{"start":{"line":355,"column":28},"end":{"line":359,"column":null}},"104":{"start":{"line":356,"column":32},"end":{"line":356,"column":null}},"105":{"start":{"line":357,"column":32},"end":{"line":357,"column":null}},"106":{"start":{"line":358,"column":32},"end":{"line":358,"column":null}},"107":{"start":{"line":381,"column":36},"end":{"line":385,"column":null}},"108":{"start":{"line":382,"column":40},"end":{"line":382,"column":null}},"109":{"start":{"line":383,"column":40},"end":{"line":383,"column":null}},"110":{"start":{"line":384,"column":40},"end":{"line":384,"column":null}},"111":{"start":{"line":431,"column":62},"end":{"line":431,"column":101}},"112":{"start":{"line":448,"column":76},"end":{"line":448,"column":null}},"113":{"start":{"line":453,"column":61},"end":{"line":453,"column":null}},"114":{"start":{"line":459,"column":76},"end":{"line":459,"column":null}},"115":{"start":{"line":467,"column":66},"end":{"line":467,"column":109}},"116":{"start":{"line":501,"column":48},"end":{"line":501,"column":null}},"117":{"start":{"line":530,"column":57},"end":{"line":530,"column":null}}},"fnMap":{"0":{"name":"ClassList","decl":{"start":{"line":93,"column":24},"end":{"line":93,"column":null}},"loc":{"start":{"line":93,"column":24},"end":{"line":564,"column":null}}},"1":{"name":"(anonymous_3)","decl":{"start":{"line":115,"column":34},"end":{"line":115,"column":40}},"loc":{"start":{"line":115,"column":40},"end":{"line":115,"column":null}}},"2":{"name":"(anonymous_4)","decl":{"start":{"line":116,"column":35},"end":{"line":116,"column":41}},"loc":{"start":{"line":116,"column":41},"end":{"line":116,"column":null}}},"3":{"name":"(anonymous_5)","decl":{"start":{"line":117,"column":32},"end":{"line":117,"column":38}},"loc":{"start":{"line":117,"column":38},"end":{"line":117,"column":null}}},"4":{"name":"(anonymous_6)","decl":{"start":{"line":118,"column":33},"end":{"line":118,"column":39}},"loc":{"start":{"line":118,"column":39},"end":{"line":118,"column":null}}},"5":{"name":"(anonymous_7)","decl":{"start":{"line":119,"column":35},"end":{"line":119,"column":41}},"loc":{"start":{"line":119,"column":41},"end":{"line":119,"column":null}}},"6":{"name":"(anonymous_8)","decl":{"start":{"line":120,"column":36},"end":{"line":120,"column":42}},"loc":{"start":{"line":120,"column":42},"end":{"line":120,"column":null}}},"7":{"name":"fetchDocTypes","decl":{"start":{"line":122,"column":19},"end":{"line":122,"column":null}},"loc":{"start":{"line":122,"column":19},"end":{"line":132,"column":null}}},"8":{"name":"(anonymous_10)","decl":{"start":{"line":126,"column":21},"end":{"line":126,"column":22}},"loc":{"start":{"line":126,"column":22},"end":{"line":128,"column":null}}},"9":{"name":"fetchTaskData","decl":{"start":{"line":135,"column":19},"end":{"line":135,"column":33}},"loc":{"start":{"line":135,"column":48},"end":{"line":153,"column":null}}},"10":{"name":"(anonymous_12)","decl":{"start":{"line":141,"column":21},"end":{"line":141,"column":22}},"loc":{"start":{"line":141,"column":22},"end":{"line":151,"column":null}}},"11":{"name":"(anonymous_13)","decl":{"start":{"line":142,"column":31},"end":{"line":142,"column":32}},"loc":{"start":{"line":142,"column":32},"end":{"line":150,"column":null}}},"12":{"name":"(anonymous_14)","decl":{"start":{"line":143,"column":35},"end":{"line":143,"column":36}},"loc":{"start":{"line":143,"column":36},"end":{"line":149,"column":null}}},"13":{"name":"fetchClassData","decl":{"start":{"line":157,"column":19},"end":{"line":157,"column":34}},"loc":{"start":{"line":157,"column":49},"end":{"line":163,"column":null}}},"14":{"name":"fetchPdf","decl":{"start":{"line":165,"column":19},"end":{"line":165,"column":28}},"loc":{"start":{"line":165,"column":47},"end":{"line":181,"column":null}}},"15":{"name":"(anonymous_17)","decl":{"start":{"line":171,"column":27},"end":{"line":171,"column":null}},"loc":{"start":{"line":171,"column":27},"end":{"line":180,"column":null}}},"16":{"name":"fetchDocumentData","decl":{"start":{"line":183,"column":19},"end":{"line":183,"column":37}},"loc":{"start":{"line":183,"column":55},"end":{"line":186,"column":null}}},"17":{"name":"(anonymous_19)","decl":{"start":{"line":188,"column":14},"end":{"line":188,"column":null}},"loc":{"start":{"line":188,"column":14},"end":{"line":201,"column":7}}},"18":{"name":"(anonymous_20)","decl":{"start":{"line":204,"column":33},"end":{"line":204,"column":34}},"loc":{"start":{"line":204,"column":66},"end":{"line":206,"column":null}}},"19":{"name":"handleButtonForward","decl":{"start":{"line":217,"column":13},"end":{"line":217,"column":33}},"loc":{"start":{"line":217,"column":51},"end":{"line":224,"column":null}}},"20":{"name":"addNewRemark","decl":{"start":{"line":225,"column":19},"end":{"line":225,"column":null}},"loc":{"start":{"line":225,"column":19},"end":{"line":248,"column":null}}},"21":{"name":"(anonymous_24)","decl":{"start":{"line":239,"column":18},"end":{"line":239,"column":19}},"loc":{"start":{"line":239,"column":19},"end":{"line":243,"column":null}}},"22":{"name":"documentHeaders","decl":{"start":{"line":250,"column":13},"end":{"line":250,"column":29}},"loc":{"start":{"line":250,"column":42},"end":{"line":276,"column":null}}},"23":{"name":"(anonymous_26)","decl":{"start":{"line":350,"column":33},"end":{"line":350,"column":34}},"loc":{"start":{"line":351,"column":20},"end":{"line":352,"column":null}}},"24":{"name":"(anonymous_27)","decl":{"start":{"line":354,"column":39},"end":{"line":354,"column":null}},"loc":{"start":{"line":354,"column":39},"end":{"line":360,"column":null}}},"25":{"name":"(anonymous_28)","decl":{"start":{"line":380,"column":41},"end":{"line":380,"column":null}},"loc":{"start":{"line":380,"column":41},"end":{"line":386,"column":null}}},"26":{"name":"(anonymous_29)","decl":{"start":{"line":431,"column":55},"end":{"line":431,"column":62}},"loc":{"start":{"line":431,"column":62},"end":{"line":431,"column":101}}},"27":{"name":"(anonymous_30)","decl":{"start":{"line":448,"column":70},"end":{"line":448,"column":76}},"loc":{"start":{"line":448,"column":76},"end":{"line":448,"column":null}}},"28":{"name":"(anonymous_31)","decl":{"start":{"line":453,"column":50},"end":{"line":453,"column":51}},"loc":{"start":{"line":453,"column":61},"end":{"line":453,"column":null}}},"29":{"name":"(anonymous_32)","decl":{"start":{"line":459,"column":70},"end":{"line":459,"column":76}},"loc":{"start":{"line":459,"column":76},"end":{"line":459,"column":null}}},"30":{"name":"(anonymous_33)","decl":{"start":{"line":467,"column":59},"end":{"line":467,"column":66}},"loc":{"start":{"line":467,"column":66},"end":{"line":467,"column":109}}},"31":{"name":"(anonymous_34)","decl":{"start":{"line":500,"column":69},"end":{"line":500,"column":70}},"loc":{"start":{"line":501,"column":48},"end":{"line":501,"column":null}}},"32":{"name":"(anonymous_35)","decl":{"start":{"line":530,"column":46},"end":{"line":530,"column":47}},"loc":{"start":{"line":530,"column":57},"end":{"line":530,"column":null}}}},"branchMap":{"0":{"loc":{"start":{"line":173,"column":12},"end":{"line":178,"column":null}},"type":"if","locations":[{"start":{"line":173,"column":12},"end":{"line":178,"column":null}},{"start":{"line":176,"column":19},"end":{"line":178,"column":null}}]},"1":{"loc":{"start":{"line":174,"column":32},"end":{"line":174,"column":null}},"type":"binary-expr","locations":[{"start":{"line":174,"column":32},"end":{"line":174,"column":111}},{"start":{"line":174,"column":111},"end":{"line":174,"column":null}}]},"2":{"loc":{"start":{"line":189,"column":8},"end":{"line":199,"column":null}},"type":"if","locations":[{"start":{"line":189,"column":8},"end":{"line":199,"column":null}}]},"3":{"loc":{"start":{"line":190,"column":28},"end":{"line":190,"column":94}},"type":"cond-expr","locations":[{"start":{"line":190,"column":60},"end":{"line":190,"column":77}},{"start":{"line":190,"column":80},"end":{"line":190,"column":94}}]},"4":{"loc":{"start":{"line":193,"column":12},"end":{"line":198,"column":null}},"type":"if","locations":[{"start":{"line":193,"column":12},"end":{"line":198,"column":null}},{"start":{"line":196,"column":19},"end":{"line":198,"column":null}}]},"5":{"loc":{"start":{"line":218,"column":8},"end":{"line":223,"column":null}},"type":"if","locations":[{"start":{"line":218,"column":8},"end":{"line":223,"column":null}},{"start":{"line":221,"column":13},"end":{"line":223,"column":null}}]},"6":{"loc":{"start":{"line":218,"column":11},"end":{"line":218,"column":47}},"type":"binary-expr","locations":[{"start":{"line":218,"column":11},"end":{"line":218,"column":24}},{"start":{"line":218,"column":24},"end":{"line":218,"column":47}}]},"7":{"loc":{"start":{"line":221,"column":13},"end":{"line":223,"column":null}},"type":"if","locations":[{"start":{"line":221,"column":13},"end":{"line":223,"column":null}}]},"8":{"loc":{"start":{"line":221,"column":16},"end":{"line":221,"column":46}},"type":"binary-expr","locations":[{"start":{"line":221,"column":16},"end":{"line":221,"column":30}},{"start":{"line":221,"column":30},"end":{"line":221,"column":46}}]},"9":{"loc":{"start":{"line":226,"column":8},"end":{"line":247,"column":null}},"type":"if","locations":[{"start":{"line":226,"column":8},"end":{"line":247,"column":null}},{"start":{"line":245,"column":12},"end":{"line":247,"column":null}}]},"10":{"loc":{"start":{"line":240,"column":16},"end":{"line":242,"column":null}},"type":"if","locations":[{"start":{"line":240,"column":16},"end":{"line":242,"column":null}}]},"11":{"loc":{"start":{"line":253,"column":8},"end":{"line":261,"column":null}},"type":"if","locations":[{"start":{"line":253,"column":8},"end":{"line":261,"column":null}},{"start":{"line":256,"column":13},"end":{"line":261,"column":null}}]},"12":{"loc":{"start":{"line":256,"column":13},"end":{"line":261,"column":null}},"type":"if","locations":[{"start":{"line":256,"column":13},"end":{"line":261,"column":null}},{"start":{"line":259,"column":12},"end":{"line":261,"column":null}}]},"13":{"loc":{"start":{"line":268,"column":40},"end":{"line":268,"column":80}},"type":"cond-expr","locations":[{"start":{"line":268,"column":58},"end":{"line":268,"column":77}},{"start":{"line":268,"column":77},"end":{"line":268,"column":80}}]},"14":{"loc":{"start":{"line":269,"column":21},"end":{"line":269,"column":null}},"type":"cond-expr","locations":[{"start":{"line":269,"column":37},"end":{"line":269,"column":50}},{"start":{"line":269,"column":50},"end":{"line":269,"column":null}}]},"15":{"loc":{"start":{"line":272,"column":21},"end":{"line":272,"column":null}},"type":"cond-expr","locations":[{"start":{"line":272,"column":38},"end":{"line":272,"column":null}},{"start":{"line":272,"column":117},"end":{"line":272,"column":null}}]},"16":{"loc":{"start":{"line":300,"column":24},"end":{"line":311,"column":null}},"type":"cond-expr","locations":[{"start":{"line":301,"column":28},"end":{"line":311,"column":null}},{"start":{"line":311,"column":24},"end":{"line":311,"column":null}}]},"17":{"loc":{"start":{"line":305,"column":78},"end":{"line":305,"column":167}},"type":"cond-expr","locations":[{"start":{"line":305,"column":128},"end":{"line":305,"column":150}},{"start":{"line":305,"column":150},"end":{"line":305,"column":167}}]},"18":{"loc":{"start":{"line":307,"column":37},"end":{"line":307,"column":null}},"type":"cond-expr","locations":[{"start":{"line":307,"column":87},"end":{"line":307,"column":null}},{"start":{"line":307,"column":166},"end":{"line":307,"column":null}}]},"19":{"loc":{"start":{"line":316,"column":24},"end":{"line":321,"column":null}},"type":"cond-expr","locations":[{"start":{"line":317,"column":28},"end":{"line":321,"column":null}},{"start":{"line":321,"column":24},"end":{"line":321,"column":null}}]},"20":{"loc":{"start":{"line":353,"column":82},"end":{"line":353,"column":127}},"type":"cond-expr","locations":[{"start":{"line":353,"column":94},"end":{"line":353,"column":99}},{"start":{"line":353,"column":99},"end":{"line":353,"column":127}}]},"21":{"loc":{"start":{"line":355,"column":28},"end":{"line":359,"column":null}},"type":"if","locations":[{"start":{"line":355,"column":28},"end":{"line":359,"column":null}}]},"22":{"loc":{"start":{"line":364,"column":108},"end":{"line":364,"column":138}},"type":"cond-expr","locations":[{"start":{"line":364,"column":120},"end":{"line":364,"column":125}},{"start":{"line":364,"column":125},"end":{"line":364,"column":138}}]},"23":{"loc":{"start":{"line":381,"column":36},"end":{"line":385,"column":null}},"type":"if","locations":[{"start":{"line":381,"column":36},"end":{"line":385,"column":null}}]},"24":{"loc":{"start":{"line":483,"column":36},"end":{"line":495,"column":null}},"type":"cond-expr","locations":[{"start":{"line":484,"column":40},"end":{"line":495,"column":null}},{"start":{"line":495,"column":36},"end":{"line":495,"column":null}}]},"25":{"loc":{"start":{"line":512,"column":56},"end":{"line":517,"column":null}},"type":"cond-expr","locations":[{"start":{"line":513,"column":60},"end":{"line":517,"column":null}},{"start":{"line":517,"column":60},"end":{"line":517,"column":null}}]}},"s":{"0":0,"1":0,"2":0,"3":0,"4":0,"5":0,"6":0,"7":0,"8":0,"9":0,"10":0,"11":0,"12":0,"13":0,"14":0,"15":0,"16":0,"17":0,"18":0,"19":0,"20":0,"21":0,"22":0,"23":0,"24":0,"25":0,"26":0,"27":0,"28":0,"29":0,"30":0,"31":0,"32":0,"33":0,"34":0,"35":0,"36":0,"37":0,"38":0,"39":0,"40":0,"41":0,"42":0,"43":0,"44":0,"45":0,"46":0,"47":0,"48":0,"49":0,"50":0,"51":0,"52":0,"53":0,"54":0,"55":0,"56":0,"57":0,"58":0,"59":0,"60":0,"61":0,"62":0,"63":0,"64":0,"65":0,"66":0,"67":0,"68":0,"69":0,"70":0,"71":0,"72":0,"73":0,"74":0,"75":0,"76":0,"77":0,"78":0,"79":0,"80":0,"81":0,"82":0,"83":0,"84":0,"85":0,"86":0,"87":0,"88":0,"89":0,"90":0,"91":0,"92":0,"93":0,"94":0,"95":0,"96":0,"97":0,"98":0,"99":0,"100":0,"101":0,"102":0,"103":0,"104":0,"105":0,"106":0,"107":0,"108":0,"109":0,"110":0,"111":0,"112":0,"113":0,"114":0,"115":0,"116":0,"117":0},"f":{"0":0,"1":0,"2":0,"3":0,"4":0,"5":0,"6":0,"7":0,"8":0,"9":0,"10":0,"11":0,"12":0,"13":0,"14":0,"15":0,"16":0,"17":0,"18":0,"19":0,"20":0,"21":0,"22":0,"23":0,"24":0,"25":0,"26":0,"27":0,"28":0,"29":0,"30":0,"31":0,"32":0},"b":{"0":[0,0],"1":[0,0],"2":[0],"3":[0,0],"4":[0,0],"5":[0,0],"6":[0,0],"7":[0],"8":[0,0],"9":[0,0],"10":[0],"11":[0,0],"12":[0,0],"13":[0,0],"14":[0,0],"15":[0,0],"16":[0,0],"17":[0,0],"18":[0,0],"19":[0,0],"20":[0,0],"21":[0],"22":[0,0],"23":[0],"24":[0,0],"25":[0,0]}}
,"/Users/tkhall03/Desktop/Coding/Classes/CSCE_482/test/CSCE-482-Capstone/src/app/classList/page.tsx": {"path":"/Users/tkhall03/Desktop/Coding/Classes/CSCE_482/test/CSCE-482-Capstone/src/app/classList/page.tsx","statementMap":{"0":{"start":{"line":37,"column":24},"end":{"line":37,"column":null}},"1":{"start":{"line":2,"column":18},"end":{"line":2,"column":null}},"2":{"start":{"line":3,"column":19},"end":{"line":3,"column":null}},"3":{"start":{"line":4,"column":20},"end":{"line":4,"column":null}},"4":{"start":{"line":7,"column":24},"end":{"line":7,"column":null}},"5":{"start":{"line":8,"column":40},"end":{"line":8,"column":null}},"6":{"start":{"line":9,"column":26},"end":{"line":9,"column":null}},"7":{"start":{"line":39,"column":19},"end":{"line":39,"column":null}},"8":{"start":{"line":41,"column":34},"end":{"line":41,"column":null}},"9":{"start":{"line":44,"column":25},"end":{"line":44,"column":null}},"10":{"start":{"line":45,"column":21},"end":{"line":45,"column":null}},"11":{"start":{"line":46,"column":8},"end":{"line":46,"column":null}},"12":{"start":{"line":49,"column":4},"end":{"line":51,"column":null}},"13":{"start":{"line":50,"column":8},"end":{"line":50,"column":null}},"14":{"start":{"line":55,"column":34},"end":{"line":55,"column":110}},"15":{"start":{"line":56,"column":32},"end":{"line":56,"column":58}},"16":{"start":{"line":94,"column":24},"end":{"line":94,"column":41}},"17":{"start":{"line":98,"column":40},"end":{"line":98,"column":null}},"18":{"start":{"line":102,"column":60},"end":{"line":102,"column":76}},"19":{"start":{"line":104,"column":72},"end":{"line":104,"column":null}},"20":{"start":{"line":105,"column":72},"end":{"line":105,"column":null}}},"fnMap":{"0":{"name":"ClassList","decl":{"start":{"line":37,"column":24},"end":{"line":37,"column":null}},"loc":{"start":{"line":37,"column":24},"end":{"line":124,"column":null}}},"1":{"name":"fetchClasses","decl":{"start":{"line":43,"column":19},"end":{"line":43,"column":null}},"loc":{"start":{"line":43,"column":19},"end":{"line":47,"column":null}}},"2":{"name":"(anonymous_7)","decl":{"start":{"line":49,"column":14},"end":{"line":49,"column":null}},"loc":{"start":{"line":49,"column":14},"end":{"line":51,"column":7}}},"3":{"name":"getStatusTasks","decl":{"start":{"line":53,"column":13},"end":{"line":53,"column":28}},"loc":{"start":{"line":53,"column":112},"end":{"line":85,"column":null}}},"4":{"name":"(anonymous_9)","decl":{"start":{"line":93,"column":32},"end":{"line":93,"column":33}},"loc":{"start":{"line":94,"column":24},"end":{"line":94,"column":41}}},"5":{"name":"(anonymous_10)","decl":{"start":{"line":97,"column":54},"end":{"line":97,"column":55}},"loc":{"start":{"line":98,"column":40},"end":{"line":98,"column":null}}},"6":{"name":"(anonymous_11)","decl":{"start":{"line":101,"column":74},"end":{"line":101,"column":75}},"loc":{"start":{"line":102,"column":60},"end":{"line":102,"column":76}}},"7":{"name":"(anonymous_12)","decl":{"start":{"line":103,"column":73},"end":{"line":103,"column":null}},"loc":{"start":{"line":103,"column":73},"end":{"line":106,"column":null}}}},"branchMap":{"0":{"loc":{"start":{"line":61,"column":39},"end":{"line":61,"column":87}},"type":"cond-expr","locations":[{"start":{"line":61,"column":64},"end":{"line":61,"column":69}},{"start":{"line":61,"column":69},"end":{"line":61,"column":87}}]},"1":{"loc":{"start":{"line":61,"column":95},"end":{"line":61,"column":128}},"type":"cond-expr","locations":[{"start":{"line":61,"column":104},"end":{"line":61,"column":109}},{"start":{"line":61,"column":109},"end":{"line":61,"column":128}}]},"2":{"loc":{"start":{"line":63,"column":24},"end":{"line":66,"column":null}},"type":"cond-expr","locations":[{"start":{"line":64,"column":28},"end":{"line":66,"column":null}},{"start":{"line":66,"column":28},"end":{"line":66,"column":null}}]},"3":{"loc":{"start":{"line":70,"column":24},"end":{"line":81,"column":null}},"type":"cond-expr","locations":[{"start":{"line":71,"column":28},"end":{"line":81,"column":null}},{"start":{"line":81,"column":28},"end":{"line":81,"column":null}}]},"4":{"loc":{"start":{"line":72,"column":56},"end":{"line":72,"column":111}},"type":"cond-expr","locations":[{"start":{"line":72,"column":93},"end":{"line":72,"column":98}},{"start":{"line":72,"column":98},"end":{"line":72,"column":111}}]},"5":{"loc":{"start":{"line":72,"column":119},"end":{"line":72,"column":152}},"type":"cond-expr","locations":[{"start":{"line":72,"column":128},"end":{"line":72,"column":133}},{"start":{"line":72,"column":133},"end":{"line":72,"column":152}}]},"6":{"loc":{"start":{"line":74,"column":36},"end":{"line":77,"column":null}},"type":"cond-expr","locations":[{"start":{"line":75,"column":40},"end":{"line":77,"column":null}},{"start":{"line":77,"column":36},"end":{"line":77,"column":null}}]},"7":{"loc":{"start":{"line":95,"column":120},"end":{"line":95,"column":158}},"type":"cond-expr","locations":[{"start":{"line":95,"column":134},"end":{"line":95,"column":148}},{"start":{"line":95,"column":148},"end":{"line":95,"column":158}}]},"8":{"loc":{"start":{"line":95,"column":236},"end":{"line":95,"column":274}},"type":"cond-expr","locations":[{"start":{"line":95,"column":250},"end":{"line":95,"column":264}},{"start":{"line":95,"column":264},"end":{"line":95,"column":274}}]},"9":{"loc":{"start":{"line":102,"column":131},"end":{"line":102,"column":242}},"type":"cond-expr","locations":[{"start":{"line":102,"column":145},"end":{"line":102,"column":187}},{"start":{"line":102,"column":187},"end":{"line":102,"column":242}}]}},"s":{"0":1,"1":1,"2":1,"3":1,"4":1,"5":1,"6":1,"7":2,"8":2,"9":1,"10":1,"11":1,"12":2,"13":1,"14":3,"15":3,"16":2,"17":3,"18":3,"19":1,"20":1},"f":{"0":2,"1":1,"2":1,"3":3,"4":2,"5":3,"6":3,"7":1},"b":{"0":[1,2],"1":[2,1],"2":[2,1],"3":[2,1],"4":[1,1],"5":[1,1],"6":[1,1],"7":[1,1],"8":[1,1],"9":[2,1]}}
,"/Users/tkhall03/Desktop/Coding/Classes/CSCE_482/test/CSCE-482-Capstone/src/app/components/NavBar.tsx": {"path":"/Users/tkhall03/Desktop/Coding/Classes/CSCE_482/test/CSCE-482-Capstone/src/app/components/NavBar.tsx","statementMap":{"0":{"start":{"line":4,"column":24},"end":{"line":4,"column":null}},"1":{"start":{"line":1,"column":18},"end":{"line":1,"column":null}},"2":{"start":{"line":2,"column":18},"end":{"line":2,"column":null}}},"fnMap":{"0":{"name":"NavBar","decl":{"start":{"line":4,"column":24},"end":{"line":4,"column":null}},"loc":{"start":{"line":4,"column":24},"end":{"line":10,"column":null}}}},"branchMap":{},"s":{"0":4,"1":3,"2":3},"f":{"0":4},"b":{}}
,"/Users/tkhall03/Desktop/Coding/Classes/CSCE_482/test/CSCE-482-Capstone/src/app/components/TasksView.tsx": {"path":"/Users/tkhall03/Desktop/Coding/Classes/CSCE_482/test/CSCE-482-Capstone/src/app/components/TasksView.tsx","statementMap":{"0":{"start":{"line":16,"column":24},"end":{"line":16,"column":34}},"1":{"start":{"line":1,"column":18},"end":{"line":1,"column":null}},"2":{"start":{"line":2,"column":34},"end":{"line":2,"column":null}},"3":{"start":{"line":21,"column":20},"end":{"line":21,"column":46}}},"fnMap":{"0":{"name":"TasksView","decl":{"start":{"line":16,"column":24},"end":{"line":16,"column":34}},"loc":{"start":{"line":16,"column":59},"end":{"line":43,"column":null}}},"1":{"name":"(anonymous_3)","decl":{"start":{"line":20,"column":27},"end":{"line":20,"column":28}},"loc":{"start":{"line":21,"column":20},"end":{"line":21,"column":46}}}},"branchMap":{},"s":{"0":3,"1":1,"2":1,"3":6},"f":{"0":3,"1":6},"b":{}}
,"/Users/tkhall03/Desktop/Coding/Classes/CSCE_482/test/CSCE-482-Capstone/src/app/components/UploadDoc.tsx": {"path":"/Users/tkhall03/Desktop/Coding/Classes/CSCE_482/test/CSCE-482-Capstone/src/app/components/UploadDoc.tsx","statementMap":{"0":{"start":{"line":49,"column":24},"end":{"line":49,"column":34}},"1":{"start":{"line":1,"column":24},"end":{"line":1,"column":null}},"2":{"start":{"line":2,"column":53},"end":{"line":2,"column":null}},"3":{"start":{"line":3,"column":45},"end":{"line":3,"column":null}},"4":{"start":{"line":4,"column":37},"end":{"line":4,"column":null}},"5":{"start":{"line":56,"column":24},"end":{"line":56,"column":null}},"6":{"start":{"line":56,"column":61},"end":{"line":56,"column":83}},"7":{"start":{"line":57,"column":79},"end":{"line":57,"column":null}},"8":{"start":{"line":58,"column":27},"end":{"line":58,"column":null}},"9":{"start":{"line":60,"column":25},"end":{"line":60,"column":null}},"10":{"start":{"line":62,"column":21},"end":{"line":90,"column":null}},"11":{"start":{"line":63,"column":8},"end":{"line":89,"column":null}},"12":{"start":{"line":64,"column":29},"end":{"line":64,"column":null}},"13":{"start":{"line":65,"column":12},"end":{"line":65,"column":null}},"14":{"start":{"line":66,"column":12},"end":{"line":66,"column":null}},"15":{"start":{"line":67,"column":12},"end":{"line":67,"column":null}},"16":{"start":{"line":68,"column":12},"end":{"line":68,"column":null}},"17":{"start":{"line":69,"column":12},"end":{"line":69,"column":null}},"18":{"start":{"line":70,"column":12},"end":{"line":74,"column":null}},"19":{"start":{"line":71,"column":16},"end":{"line":73,"column":null}},"20":{"start":{"line":72,"column":20},"end":{"line":72,"column":null}},"21":{"start":{"line":76,"column":29},"end":{"line":79,"column":null}},"22":{"start":{"line":81,"column":12},"end":{"line":86,"column":null}},"23":{"start":{"line":82,"column":16},"end":{"line":82,"column":null}},"24":{"start":{"line":83,"column":16},"end":{"line":83,"column":null}},"25":{"start":{"line":85,"column":16},"end":{"line":85,"column":null}},"26":{"start":{"line":88,"column":12},"end":{"line":88,"column":null}},"27":{"start":{"line":98,"column":24},"end":{"line":98,"column":null}},"28":{"start":{"line":99,"column":24},"end":{"line":99,"column":null}},"29":{"start":{"line":101,"column":41},"end":{"line":101,"column":null}},"30":{"start":{"line":164,"column":48},"end":{"line":167,"column":null}},"31":{"start":{"line":169,"column":42},"end":{"line":169,"column":107}},"32":{"start":{"line":177,"column":37},"end":{"line":177,"column":null}},"33":{"start":{"line":185,"column":57},"end":{"line":188,"column":null}},"34":{"start":{"line":190,"column":54},"end":{"line":190,"column":null}}},"fnMap":{"0":{"name":"UploadDoc","decl":{"start":{"line":49,"column":24},"end":{"line":49,"column":34}},"loc":{"start":{"line":55,"column":22},"end":{"line":204,"column":null}}},"1":{"name":"(anonymous_2)","decl":{"start":{"line":56,"column":53},"end":{"line":56,"column":61}},"loc":{"start":{"line":56,"column":61},"end":{"line":56,"column":83}}},"2":{"name":"(anonymous_3)","decl":{"start":{"line":62,"column":21},"end":{"line":62,"column":28}},"loc":{"start":{"line":62,"column":28},"end":{"line":90,"column":null}}},"3":{"name":"(anonymous_4)","decl":{"start":{"line":71,"column":35},"end":{"line":71,"column":36}},"loc":{"start":{"line":71,"column":36},"end":{"line":73,"column":null}}},"4":{"name":"(anonymous_5)","decl":{"start":{"line":97,"column":28},"end":{"line":97,"column":29}},"loc":{"start":{"line":97,"column":29},"end":{"line":100,"column":null}}},"5":{"name":"(anonymous_6)","decl":{"start":{"line":101,"column":30},"end":{"line":101,"column":31}},"loc":{"start":{"line":101,"column":41},"end":{"line":101,"column":null}}},"6":{"name":"(anonymous_7)","decl":{"start":{"line":164,"column":39},"end":{"line":164,"column":40}},"loc":{"start":{"line":164,"column":48},"end":{"line":167,"column":null}}},"7":{"name":"(anonymous_8)","decl":{"start":{"line":169,"column":30},"end":{"line":169,"column":31}},"loc":{"start":{"line":169,"column":31},"end":{"line":169,"column":null}}},"8":{"name":"(anonymous_9)","decl":{"start":{"line":177,"column":30},"end":{"line":177,"column":31}},"loc":{"start":{"line":177,"column":37},"end":{"line":177,"column":null}}},"9":{"name":"(anonymous_10)","decl":{"start":{"line":185,"column":46},"end":{"line":185,"column":47}},"loc":{"start":{"line":185,"column":57},"end":{"line":188,"column":null}}},"10":{"name":"(anonymous_11)","decl":{"start":{"line":190,"column":34},"end":{"line":190,"column":35}},"loc":{"start":{"line":190,"column":54},"end":{"line":190,"column":null}}}},"branchMap":{"0":{"loc":{"start":{"line":70,"column":12},"end":{"line":74,"column":null}},"type":"if","locations":[{"start":{"line":70,"column":12},"end":{"line":74,"column":null}}]},"1":{"loc":{"start":{"line":81,"column":12},"end":{"line":86,"column":null}},"type":"if","locations":[{"start":{"line":81,"column":12},"end":{"line":86,"column":null}},{"start":{"line":84,"column":19},"end":{"line":86,"column":null}}]},"2":{"loc":{"start":{"line":131,"column":17},"end":{"line":131,"column":33}},"type":"binary-expr","locations":[{"start":{"line":131,"column":17},"end":{"line":131,"column":33}},{"start":{"line":131,"column":33},"end":{"line":131,"column":48}}]},"3":{"loc":{"start":{"line":158,"column":17},"end":{"line":158,"column":29}},"type":"binary-expr","locations":[{"start":{"line":158,"column":17},"end":{"line":158,"column":29}}]},"4":{"loc":{"start":{"line":180,"column":17},"end":{"line":180,"column":null}},"type":"binary-expr","locations":[{"start":{"line":180,"column":17},"end":{"line":180,"column":null}}]}},"s":{"0":7,"1":1,"2":1,"3":1,"4":1,"5":18,"6":36,"7":18,"8":18,"9":18,"10":18,"11":3,"12":3,"13":3,"14":3,"15":3,"16":3,"17":3,"18":3,"19":3,"20":3,"21":3,"22":2,"23":1,"24":1,"25":1,"26":1,"27":4,"28":4,"29":1,"30":36,"31":4,"32":3,"33":20,"34":3},"f":{"0":18,"1":36,"2":3,"3":3,"4":4,"5":1,"6":36,"7":4,"8":3,"9":20,"10":3},"b":{"0":[3],"1":[1,1],"2":[18,7],"3":[18],"4":[18]}}
,"/Users/tkhall03/Desktop/Coding/Classes/CSCE_482/test/CSCE-482-Capstone/src/app/components/VoidDoc.tsx": {"path":"/Users/tkhall03/Desktop/Coding/Classes/CSCE_482/test/CSCE-482-Capstone/src/app/components/VoidDoc.tsx","statementMap":{"0":{"start":{"line":12,"column":24},"end":{"line":12,"column":32}},"1":{"start":{"line":1,"column":24},"end":{"line":1,"column":null}},"2":{"start":{"line":17,"column":8},"end":{"line":17,"column":null}},"3":{"start":{"line":19,"column":21},"end":{"line":50,"column":null}},"4":{"start":{"line":20,"column":8},"end":{"line":49,"column":null}},"5":{"start":{"line":26,"column":29},"end":{"line":38,"column":null}},"6":{"start":{"line":41,"column":12},"end":{"line":46,"column":null}},"7":{"start":{"line":42,"column":16},"end":{"line":42,"column":null}},"8":{"start":{"line":43,"column":16},"end":{"line":43,"column":null}},"9":{"start":{"line":45,"column":16},"end":{"line":45,"column":null}},"10":{"start":{"line":48,"column":12},"end":{"line":48,"column":null}}},"fnMap":{"0":{"name":"VoidDoc","decl":{"start":{"line":12,"column":24},"end":{"line":12,"column":32}},"loc":{"start":{"line":12,"column":64},"end":{"line":88,"column":null}}},"1":{"name":"(anonymous_2)","decl":{"start":{"line":19,"column":21},"end":{"line":19,"column":28}},"loc":{"start":{"line":19,"column":28},"end":{"line":50,"column":null}}}},"branchMap":{"0":{"loc":{"start":{"line":41,"column":12},"end":{"line":46,"column":null}},"type":"if","locations":[{"start":{"line":41,"column":12},"end":{"line":46,"column":null}},{"start":{"line":44,"column":19},"end":{"line":46,"column":null}}]},"1":{"loc":{"start":{"line":74,"column":17},"end":{"line":74,"column":34}},"type":"binary-expr","locations":[{"start":{"line":74,"column":17},"end":{"line":74,"column":34}}]}},"s":{"0":5,"1":1,"2":8,"3":8,"4":3,"5":3,"6":2,"7":1,"8":1,"9":1,"10":1},"f":{"0":8,"1":3},"b":{"0":[1,1],"1":[8]}}
,"/Users/tkhall03/Desktop/Coding/Classes/CSCE_482/test/CSCE-482-Capstone/src/app/components/Wrapper.tsx": {"path":"/Users/tkhall03/Desktop/Coding/Classes/CSCE_482/test/CSCE-482-Capstone/src/app/components/Wrapper.tsx","statementMap":{"0":{"start":{"line":9,"column":24},"end":{"line":9,"column":32}},"1":{"start":{"line":10,"column":17},"end":{"line":10,"column":90}}},"fnMap":{"0":{"name":"Wrapper","decl":{"start":{"line":9,"column":24},"end":{"line":9,"column":32}},"loc":{"start":{"line":9,"column":84},"end":{"line":19,"column":null}}}},"branchMap":{"0":{"loc":{"start":{"line":10,"column":48},"end":{"line":10,"column":76}},"type":"cond-expr","locations":[{"start":{"line":10,"column":58},"end":{"line":10,"column":73}},{"start":{"line":10,"column":73},"end":{"line":10,"column":76}}]},"1":{"loc":{"start":{"line":13,"column":79},"end":{"line":13,"column":137}},"type":"cond-expr","locations":[{"start":{"line":13,"column":89},"end":{"line":13,"column":117}},{"start":{"line":13,"column":117},"end":{"line":13,"column":137}}]},"2":{"loc":{"start":{"line":14,"column":62},"end":{"line":14,"column":124}},"type":"cond-expr","locations":[{"start":{"line":14,"column":72},"end":{"line":14,"column":102}},{"start":{"line":14,"column":102},"end":{"line":14,"column":124}}]}},"s":{"0":5,"1":5},"f":{"0":5},"b":{"0":[2,3],"1":[2,3],"2":[2,3]}}
}
