TN:
SF:src/app/page.tsx
FN:8,Home
FN:10,logIn
FNF:2
FNH:2
FNDA:1,Home
FNDA:1,logIn
DA:3,1
DA:4,1
DA:6,1
DA:8,1
DA:11,1
LF:5
LH:5
BRF:0
BRH:0
end_of_record
TN:
SF:src/app/class/[classId]/page.tsx
FN:93,ClassList
FN:115,(anonymous_3)
FN:116,(anonymous_4)
FN:117,(anonymous_5)
FN:118,(anonymous_6)
FN:119,(anonymous_7)
FN:120,(anonymous_8)
FN:122,fetchDocTypes
FN:126,(anonymous_10)
FN:135,fetchTaskData
FN:141,(anonymous_12)
FN:142,(anonymous_13)
FN:143,(anonymous_14)
FN:157,fetchClassData
FN:165,fetchPdf
FN:171,(anonymous_17)
FN:183,fetchDocumentData
FN:188,(anonymous_19)
FN:204,(anonymous_20)
FN:217,handleButtonForward
FN:225,addNewRemark
FN:239,(anonymous_24)
FN:250,documentHeaders
FN:350,(anonymous_26)
FN:354,(anonymous_27)
FN:380,(anonymous_28)
FN:431,(anonymous_29)
FN:448,(anonymous_30)
FN:453,(anonymous_31)
FN:459,(anonymous_32)
FN:467,(anonymous_33)
FN:500,(anonymous_34)
FN:530,(anonymous_35)
FNF:33
FNH:0
FNDA:0,ClassList
FNDA:0,(anonymous_3)
FNDA:0,(anonymous_4)
FNDA:0,(anonymous_5)
FNDA:0,(anonymous_6)
FNDA:0,(anonymous_7)
FNDA:0,(anonymous_8)
FNDA:0,fetchDocTypes
FNDA:0,(anonymous_10)
FNDA:0,fetchTaskData
FNDA:0,(anonymous_12)
FNDA:0,(anonymous_13)
FNDA:0,(anonymous_14)
FNDA:0,fetchClassData
FNDA:0,fetchPdf
FNDA:0,(anonymous_17)
FNDA:0,fetchDocumentData
FNDA:0,(anonymous_19)
FNDA:0,(anonymous_20)
FNDA:0,handleButtonForward
FNDA:0,addNewRemark
FNDA:0,(anonymous_24)
FNDA:0,documentHeaders
FNDA:0,(anonymous_26)
FNDA:0,(anonymous_27)
FNDA:0,(anonymous_28)
FNDA:0,(anonymous_29)
FNDA:0,(anonymous_30)
FNDA:0,(anonymous_31)
FNDA:0,(anonymous_32)
FNDA:0,(anonymous_33)
FNDA:0,(anonymous_34)
FNDA:0,(anonymous_35)
DA:3,0
DA:5,0
DA:6,0
DA:7,0
DA:8,0
DA:9,0
DA:11,0
DA:13,0
DA:14,0
DA:15,0
DA:16,0
DA:17,0
DA:18,0
DA:93,0
DA:95,0
DA:97,0
DA:98,0
DA:99,0
DA:100,0
DA:101,0
DA:102,0
DA:103,0
DA:104,0
DA:105,0
DA:106,0
DA:107,0
DA:108,0
DA:109,0
DA:111,0
DA:112,0
DA:113,0
DA:115,0
DA:116,0
DA:117,0
DA:118,0
DA:119,0
DA:120,0
DA:123,0
DA:124,0
DA:125,0
DA:126,0
DA:127,0
DA:129,0
DA:130,0
DA:136,0
DA:137,0
DA:138,0
DA:139,0
DA:141,0
DA:142,0
DA:143,0
DA:144,0
DA:152,0
DA:158,0
DA:159,0
DA:160,0
DA:161,0
DA:162,0
DA:166,0
DA:167,0
DA:168,0
DA:169,0
DA:171,0
DA:172,0
DA:173,0
DA:174,0
DA:177,0
DA:184,0
DA:185,0
DA:188,0
DA:189,0
DA:190,0
DA:191,0
DA:193,0
DA:194,0
DA:195,0
DA:197,0
DA:200,0
DA:204,0
DA:205,0
DA:215,0
DA:218,0
DA:219,0
DA:221,0
DA:222,0
DA:226,0
DA:228,0
DA:240,0
DA:241,0
DA:246,0
DA:251,0
DA:253,0
DA:254,0
DA:256,0
DA:257,0
DA:260,0
DA:351,0
DA:355,0
DA:356,0
DA:357,0
DA:358,0
DA:381,0
DA:382,0
DA:383,0
DA:384,0
DA:431,0
DA:448,0
DA:453,0
DA:459,0
DA:467,0
DA:501,0
DA:530,0
LF:112
LH:0
BRDA:173,0,0,0
BRDA:173,0,1,0
BRDA:174,1,0,0
BRDA:174,1,1,0
BRDA:189,2,0,0
BRDA:190,3,0,0
BRDA:190,3,1,0
BRDA:193,4,0,0
BRDA:193,4,1,0
BRDA:218,5,0,0
BRDA:218,5,1,0
BRDA:218,6,0,0
BRDA:218,6,1,0
BRDA:221,7,0,0
BRDA:221,8,0,0
BRDA:221,8,1,0
BRDA:226,9,0,0
BRDA:226,9,1,0
BRDA:240,10,0,0
BRDA:253,11,0,0
BRDA:253,11,1,0
BRDA:256,12,0,0
BRDA:256,12,1,0
BRDA:268,13,0,0
BRDA:268,13,1,0
BRDA:269,14,0,0
BRDA:269,14,1,0
BRDA:272,15,0,0
BRDA:272,15,1,0
BRDA:300,16,0,0
BRDA:300,16,1,0
BRDA:305,17,0,0
BRDA:305,17,1,0
BRDA:307,18,0,0
BRDA:307,18,1,0
BRDA:316,19,0,0
BRDA:316,19,1,0
BRDA:353,20,0,0
BRDA:353,20,1,0
BRDA:355,21,0,0
BRDA:364,22,0,0
BRDA:364,22,1,0
BRDA:381,23,0,0
BRDA:483,24,0,0
BRDA:483,24,1,0
BRDA:512,25,0,0
BRDA:512,25,1,0
BRF:47
BRH:0
end_of_record
TN:
SF:src/app/classList/page.tsx
FN:37,ClassList
FN:43,fetchClasses
FN:49,(anonymous_7)
FN:53,getStatusTasks
FN:93,(anonymous_9)
FN:97,(anonymous_10)
FN:101,(anonymous_11)
FN:103,(anonymous_12)
FNF:8
FNH:8
FNDA:2,ClassList
FNDA:1,fetchClasses
FNDA:1,(anonymous_7)
FNDA:3,getStatusTasks
FNDA:2,(anonymous_9)
FNDA:3,(anonymous_10)
FNDA:3,(anonymous_11)
FNDA:1,(anonymous_12)
DA:2,1
DA:3,1
DA:4,1
DA:7,1
DA:8,1
DA:9,1
DA:37,1
DA:39,2
DA:41,2
DA:44,1
DA:45,1
DA:46,1
DA:49,2
DA:50,1
DA:55,3
DA:56,3
DA:94,2
DA:98,3
DA:102,3
DA:104,1
DA:105,1
LF:21
LH:21
BRDA:61,0,0,1
BRDA:61,0,1,2
BRDA:61,1,0,2
BRDA:61,1,1,1
BRDA:63,2,0,2
BRDA:63,2,1,1
BRDA:70,3,0,2
BRDA:70,3,1,1
BRDA:72,4,0,1
BRDA:72,4,1,1
BRDA:72,5,0,1
BRDA:72,5,1,1
BRDA:74,6,0,1
BRDA:74,6,1,1
BRDA:95,7,0,1
BRDA:95,7,1,1
BRDA:95,8,0,1
BRDA:95,8,1,1
BRDA:102,9,0,2
BRDA:102,9,1,1
BRF:20
BRH:20
end_of_record
TN:
SF:src/app/components/NavBar.tsx
FN:4,NavBar
FNF:1
FNH:1
FNDA:4,NavBar
DA:1,3
DA:2,3
DA:4,4
LF:3
LH:3
BRF:0
BRH:0
end_of_record
TN:
SF:src/app/components/TasksView.tsx
FN:16,TasksView
FN:20,(anonymous_3)
FNF:2
FNH:2
FNDA:3,TasksView
FNDA:6,(anonymous_3)
DA:1,1
DA:2,1
DA:16,3
DA:21,6
LF:4
LH:4
BRF:0
BRH:0
end_of_record
TN:
SF:src/app/components/UploadDoc.tsx
FN:49,UploadDoc
FN:56,(anonymous_2)
FN:62,(anonymous_3)
FN:71,(anonymous_4)
FN:97,(anonymous_5)
FN:101,(anonymous_6)
FN:164,(anonymous_7)
FN:169,(anonymous_8)
FN:177,(anonymous_9)
FN:185,(anonymous_10)
FN:190,(anonymous_11)
FNF:11
FNH:11
FNDA:18,UploadDoc
FNDA:36,(anonymous_2)
FNDA:3,(anonymous_3)
FNDA:3,(anonymous_4)
FNDA:4,(anonymous_5)
FNDA:1,(anonymous_6)
FNDA:36,(anonymous_7)
FNDA:4,(anonymous_8)
FNDA:3,(anonymous_9)
FNDA:20,(anonymous_10)
FNDA:3,(anonymous_11)
DA:1,1
DA:2,1
DA:3,1
DA:4,1
DA:49,7
DA:56,36
DA:57,18
DA:58,18
DA:60,18
DA:62,18
DA:63,3
DA:64,3
DA:65,3
DA:66,3
DA:67,3
DA:68,3
DA:69,3
DA:70,3
DA:71,3
DA:72,3
DA:76,3
DA:81,2
DA:82,1
DA:83,1
DA:85,1
DA:88,1
DA:98,4
DA:99,4
DA:101,1
DA:164,36
DA:169,4
DA:177,3
DA:185,20
DA:190,3
LF:34
LH:34
BRDA:70,0,0,3
BRDA:81,1,0,1
BRDA:81,1,1,1
BRDA:131,2,0,18
BRDA:131,2,1,7
BRDA:158,3,0,18
BRDA:180,4,0,18
BRF:7
BRH:7
end_of_record
TN:
SF:src/app/components/VoidDoc.tsx
FN:12,VoidDoc
FN:19,(anonymous_2)
FNF:2
FNH:2
FNDA:8,VoidDoc
FNDA:3,(anonymous_2)
DA:1,1
DA:12,5
DA:17,8
DA:19,8
DA:20,3
DA:26,3
DA:41,2
DA:42,1
DA:43,1
DA:45,1
DA:48,1
LF:11
LH:11
BRDA:41,0,0,1
BRDA:41,0,1,1
BRDA:74,1,0,8
BRF:3
BRH:3
end_of_record
TN:
SF:src/app/components/Wrapper.tsx
FN:9,Wrapper
FNF:1
FNH:1
FNDA:5,Wrapper
DA:9,5
DA:10,5
LF:2
LH:2
BRDA:10,0,0,2
BRDA:10,0,1,3
BRDA:13,1,0,2
BRDA:13,1,1,3
BRDA:14,2,0,2
BRDA:14,2,1,3
BRF:6
BRH:6
end_of_record
